{"/home/travis/build/kaizhu256/node-sandbox2/test.js":{"path":"/home/travis/build/kaizhu256/node-sandbox2/test.js","s":{"1":2,"2":2,"3":2,"4":2,"5":2,"6":2,"7":2,"8":1,"9":2,"10":2,"11":2},"b":{"1":[2,1,1,1],"2":[1,1,1,1],"3":[1,1],"4":[2,1]},"f":{"1":2,"2":2,"3":2},"fnMap":{"1":{"name":"(anonymous_1)","line":13,"loc":{"start":{"line":13,"column":1},"end":{"line":13,"column":13}}},"2":{"name":"(anonymous_2)","line":20,"loc":{"start":{"line":20,"column":5},"end":{"line":20,"column":17}}},"3":{"name":"(anonymous_3)","line":24,"loc":{"start":{"line":24,"column":24},"end":{"line":24,"column":36}}}},"statementMap":{"1":{"start":{"line":13,"column":0},"end":{"line":47,"column":5}},"2":{"start":{"line":15,"column":4},"end":{"line":15,"column":14}},"3":{"start":{"line":20,"column":4},"end":{"line":46,"column":9}},"4":{"start":{"line":22,"column":8},"end":{"line":22,"column":19}},"5":{"start":{"line":24,"column":8},"end":{"line":36,"column":13}},"6":{"start":{"line":25,"column":12},"end":{"line":35,"column":13}},"7":{"start":{"line":26,"column":16},"end":{"line":29,"column":30}},"8":{"start":{"line":31,"column":16},"end":{"line":34,"column":27}},"9":{"start":{"line":38,"column":8},"end":{"line":40,"column":21}},"10":{"start":{"line":42,"column":8},"end":{"line":43,"column":49}},"11":{"start":{"line":45,"column":8},"end":{"line":45,"column":33}}},"branchMap":{"1":{"line":26,"type":"binary-expr","locations":[{"start":{"line":26,"column":23},"end":{"line":26,"column":62}},{"start":{"line":27,"column":20},"end":{"line":27,"column":70}},{"start":{"line":28,"column":20},"end":{"line":28,"column":71}},{"start":{"line":29,"column":20},"end":{"line":29,"column":29}}]},"2":{"line":31,"type":"binary-expr","locations":[{"start":{"line":31,"column":23},"end":{"line":31,"column":37}},{"start":{"line":32,"column":20},"end":{"line":32,"column":61}},{"start":{"line":33,"column":20},"end":{"line":33,"column":70}},{"start":{"line":34,"column":20},"end":{"line":34,"column":26}}]},"3":{"line":38,"type":"cond-expr","locations":[{"start":{"line":39,"column":14},"end":{"line":39,"column":20}},{"start":{"line":40,"column":14},"end":{"line":40,"column":20}}]},"4":{"line":42,"type":"binary-expr","locations":[{"start":{"line":42,"column":38},"end":{"line":42,"column":59}},{"start":{"line":43,"column":12},"end":{"line":43,"column":31}}]}},"code":["/* istanbul instrument in package sandbox2 */","/* jslint-utility2 */","/*jslint","    bitwise: true,","    browser: true,","    maxerr: 4,","    maxlen: 100,","    node: true,","    nomen: true,","    regexp: true,","    stupid: true","*/","(function () {","    'use strict';","    var local;","","","","    // run shared js-env code - init-before","    (function () {","        // init local","        local = {};","        // init modeJs","        local.modeJs = (function () {","            try {","                return typeof navigator.userAgent === 'string' &&","                    typeof document.querySelector('body') === 'object' &&","                    typeof XMLHttpRequest.prototype.open === 'function' &&","                    'browser';","            } catch (errorCaughtBrowser) {","                return module.exports &&","                    typeof process.versions.node === 'string' &&","                    typeof require('http').createServer === 'function' &&","                    'node';","            }","        }());","        // init global","        local.global = local.modeJs === 'browser'","            ? window","            : global;","        // re-init local","        local = local.global.local = (local.global.utility2 ||","            require('utility2')).requireReadme();","        // init test","        local.testRunInit(local);","    }());","}());",""],"l":{"13":2,"15":2,"20":2,"22":2,"24":2,"25":2,"26":2,"31":1,"38":2,"42":2,"45":2}},"/home/travis/build/kaizhu256/node-sandbox2/lib.sandbox2.js":{"path":"/home/travis/build/kaizhu256/node-sandbox2/lib.sandbox2.js","s":{"1":2,"2":2,"3":2,"4":2,"5":2,"6":2,"7":2,"8":1,"9":2,"10":2,"11":2,"12":0,"13":0,"14":2,"15":1,"16":1,"17":1,"18":1,"19":1,"20":1,"21":1,"22":1,"23":1,"24":1,"25":1,"26":1,"27":1,"28":1,"29":1,"30":1,"31":1,"32":1,"33":1,"34":1,"35":1,"36":1,"37":1,"38":1,"39":1,"40":1,"41":1,"42":1,"43":1,"44":1,"45":1,"46":1,"47":1,"48":1,"49":1,"50":2},"b":{"1":[2,1,1,1],"2":[1,1,1,1],"3":[1,1],"4":[2,2],"5":[0,2],"6":[0,0,0],"7":[1,1]},"f":{"1":2,"2":2,"3":2},"fnMap":{"1":{"name":"(anonymous_1)","line":13,"loc":{"start":{"line":13,"column":1},"end":{"line":13,"column":13}}},"2":{"name":"(anonymous_2)","line":20,"loc":{"start":{"line":20,"column":5},"end":{"line":20,"column":17}}},"3":{"name":"(anonymous_3)","line":24,"loc":{"start":{"line":24,"column":24},"end":{"line":24,"column":36}}}},"statementMap":{"1":{"start":{"line":13,"column":0},"end":{"line":95,"column":5}},"2":{"start":{"line":15,"column":4},"end":{"line":15,"column":14}},"3":{"start":{"line":20,"column":4},"end":{"line":94,"column":9}},"4":{"start":{"line":22,"column":8},"end":{"line":22,"column":19}},"5":{"start":{"line":24,"column":8},"end":{"line":36,"column":13}},"6":{"start":{"line":25,"column":12},"end":{"line":35,"column":13}},"7":{"start":{"line":26,"column":16},"end":{"line":29,"column":30}},"8":{"start":{"line":31,"column":16},"end":{"line":34,"column":27}},"9":{"start":{"line":38,"column":8},"end":{"line":40,"column":21}},"10":{"start":{"line":42,"column":8},"end":{"line":42,"column":54}},"11":{"start":{"line":44,"column":8},"end":{"line":49,"column":9},"skip":true},"12":{"start":{"line":45,"column":12},"end":{"line":47,"column":55},"skip":true},"13":{"start":{"line":48,"column":12},"end":{"line":48,"column":28},"skip":true},"14":{"start":{"line":51,"column":8},"end":{"line":91,"column":9}},"15":{"start":{"line":52,"column":12},"end":{"line":52,"column":51}},"16":{"start":{"line":56,"column":12},"end":{"line":56,"column":45}},"17":{"start":{"line":57,"column":12},"end":{"line":57,"column":59}},"18":{"start":{"line":58,"column":12},"end":{"line":58,"column":47}},"19":{"start":{"line":59,"column":12},"end":{"line":59,"column":47}},"20":{"start":{"line":60,"column":12},"end":{"line":60,"column":51}},"21":{"start":{"line":61,"column":12},"end":{"line":61,"column":45}},"22":{"start":{"line":62,"column":12},"end":{"line":62,"column":43}},"23":{"start":{"line":63,"column":12},"end":{"line":63,"column":39}},"24":{"start":{"line":64,"column":12},"end":{"line":64,"column":45}},"25":{"start":{"line":65,"column":12},"end":{"line":65,"column":45}},"26":{"start":{"line":66,"column":12},"end":{"line":66,"column":37}},"27":{"start":{"line":67,"column":12},"end":{"line":67,"column":41}},"28":{"start":{"line":68,"column":12},"end":{"line":68,"column":43}},"29":{"start":{"line":69,"column":12},"end":{"line":69,"column":45}},"30":{"start":{"line":70,"column":12},"end":{"line":70,"column":39}},"31":{"start":{"line":71,"column":12},"end":{"line":71,"column":37}},"32":{"start":{"line":72,"column":12},"end":{"line":72,"column":41}},"33":{"start":{"line":73,"column":12},"end":{"line":73,"column":47}},"34":{"start":{"line":74,"column":12},"end":{"line":74,"column":49}},"35":{"start":{"line":75,"column":12},"end":{"line":75,"column":55}},"36":{"start":{"line":76,"column":12},"end":{"line":76,"column":49}},"37":{"start":{"line":77,"column":12},"end":{"line":77,"column":41}},"38":{"start":{"line":78,"column":12},"end":{"line":78,"column":45}},"39":{"start":{"line":79,"column":12},"end":{"line":79,"column":61}},"40":{"start":{"line":80,"column":12},"end":{"line":80,"column":45}},"41":{"start":{"line":81,"column":12},"end":{"line":81,"column":39}},"42":{"start":{"line":82,"column":12},"end":{"line":82,"column":39}},"43":{"start":{"line":83,"column":12},"end":{"line":83,"column":39}},"44":{"start":{"line":84,"column":12},"end":{"line":84,"column":41}},"45":{"start":{"line":85,"column":12},"end":{"line":85,"column":37}},"46":{"start":{"line":86,"column":12},"end":{"line":86,"column":37}},"47":{"start":{"line":87,"column":12},"end":{"line":87,"column":41}},"48":{"start":{"line":89,"column":12},"end":{"line":89,"column":35}},"49":{"start":{"line":90,"column":12},"end":{"line":90,"column":49}},"50":{"start":{"line":93,"column":8},"end":{"line":93,"column":45}}},"branchMap":{"1":{"line":26,"type":"binary-expr","locations":[{"start":{"line":26,"column":23},"end":{"line":26,"column":62}},{"start":{"line":27,"column":20},"end":{"line":27,"column":70}},{"start":{"line":28,"column":20},"end":{"line":28,"column":71}},{"start":{"line":29,"column":20},"end":{"line":29,"column":29}}]},"2":{"line":31,"type":"binary-expr","locations":[{"start":{"line":31,"column":23},"end":{"line":31,"column":37}},{"start":{"line":32,"column":20},"end":{"line":32,"column":61}},{"start":{"line":33,"column":20},"end":{"line":33,"column":70}},{"start":{"line":34,"column":20},"end":{"line":34,"column":26}}]},"3":{"line":38,"type":"cond-expr","locations":[{"start":{"line":39,"column":14},"end":{"line":39,"column":20}},{"start":{"line":40,"column":14},"end":{"line":40,"column":20}}]},"4":{"line":42,"type":"binary-expr","locations":[{"start":{"line":42,"column":16},"end":{"line":42,"column":44}},{"start":{"line":42,"column":48},"end":{"line":42,"column":53}}]},"5":{"line":44,"type":"if","locations":[{"start":{"line":44,"column":8},"end":{"line":44,"column":8},"skip":true},{"start":{"line":44,"column":8},"end":{"line":44,"column":8},"skip":true}]},"6":{"line":45,"type":"binary-expr","locations":[{"start":{"line":45,"column":20},"end":{"line":45,"column":48},"skip":true},{"start":{"line":46,"column":16},"end":{"line":46,"column":48},"skip":true},{"start":{"line":47,"column":16},"end":{"line":47,"column":54},"skip":true}]},"7":{"line":51,"type":"if","locations":[{"start":{"line":51,"column":8},"end":{"line":51,"column":8}},{"start":{"line":51,"column":8},"end":{"line":51,"column":8}}]}},"code":["/* istanbul instrument in package sandbox2 */","/* jslint-utility2 */","/*jslint","    bitwise: true,","    browser: true,","    maxerr: 4,","    maxlen: 100,","    node: true,","    nomen: true,","    regexp: true,","    stupid: true","*/","(function () {","    'use strict';","    var local;","","","","    // run shared js-env code - init-before","    (function () {","        // init local","        local = {};","        // init modeJs","        local.modeJs = (function () {","            try {","                return typeof navigator.userAgent === 'string' &&","                    typeof document.querySelector('body') === 'object' &&","                    typeof XMLHttpRequest.prototype.open === 'function' &&","                    'browser';","            } catch (errorCaughtBrowser) {","                return module.exports &&","                    typeof process.versions.node === 'string' &&","                    typeof require('http').createServer === 'function' &&","                    'node';","            }","        }());","        // init global","        local.global = local.modeJs === 'browser'","            ? window","            : global;","        // init utility2_rollup","        local = local.global.utility2_rollup || local;","        /* istanbul ignore next */","        if (!local) {","            local = local.global.utility2_rollup ||","                local.global.utility2_rollup_old ||","                require('./assets.utility2.rollup.js');","            local.fs = null;","        }","        // init exports","        if (local.modeJs === 'browser') {","            local.global.utility2_sandbox2 = local;","        } else {","            // require builtins","            // local.assert = require('assert');","            local.buffer = require('buffer');","            local.child_process = require('child_process');","            local.cluster = require('cluster');","            local.console = require('console');","            local.constants = require('constants');","            local.crypto = require('crypto');","            local.dgram = require('dgram');","            local.dns = require('dns');","            local.domain = require('domain');","            local.events = require('events');","            local.fs = require('fs');","            local.http = require('http');","            local.https = require('https');","            local.module = require('module');","            local.net = require('net');","            local.os = require('os');","            local.path = require('path');","            local.process = require('process');","            local.punycode = require('punycode');","            local.querystring = require('querystring');","            local.readline = require('readline');","            local.repl = require('repl');","            local.stream = require('stream');","            local.string_decoder = require('string_decoder');","            local.timers = require('timers');","            local.tls = require('tls');","            local.tty = require('tty');","            local.url = require('url');","            local.util = require('util');","            local.v8 = require('v8');","            local.vm = require('vm');","            local.zlib = require('zlib');","/* validateLineSortedReset */","            module.exports = local;","            module.exports.__dirname = __dirname;","        }","        // init lib","        local.local = local.sandbox2 = local;","    }());","}());",""],"l":{"13":2,"15":2,"20":2,"22":2,"24":2,"25":2,"26":2,"31":1,"38":2,"42":2,"44":2,"45":1,"48":1,"51":2,"52":1,"56":1,"57":1,"58":1,"59":1,"60":1,"61":1,"62":1,"63":1,"64":1,"65":1,"66":1,"67":1,"68":1,"69":1,"70":1,"71":1,"72":1,"73":1,"74":1,"75":1,"76":1,"77":1,"78":1,"79":1,"80":1,"81":1,"82":1,"83":1,"84":1,"85":1,"86":1,"87":1,"89":1,"90":1,"93":2}},"/home/travis/build/kaizhu256/node-sandbox2/example.js":{"path":"/home/travis/build/kaizhu256/node-sandbox2/example.js","s":{"1":2,"2":2,"3":2,"4":2,"5":2,"6":2,"7":2,"8":1,"9":2,"10":2,"11":2,"12":2,"13":1,"14":2,"15":2,"16":2,"17":2,"18":2,"19":0,"20":2,"21":1,"22":1,"23":1,"24":1,"25":1,"26":0,"27":0,"28":1,"29":1,"30":2,"31":0,"32":0,"33":0,"34":1,"35":2,"36":2,"37":27,"38":27,"39":27,"40":27,"41":0,"42":27,"43":27,"44":27,"45":1,"46":3,"47":1,"48":1,"49":1,"50":1,"51":1,"52":1,"53":1,"54":1,"55":1,"56":1,"57":1,"58":1,"59":1,"60":1,"61":1,"62":1,"63":1,"64":1,"65":1,"66":1,"67":1,"68":1,"69":1,"70":1,"71":1,"72":1,"73":1,"74":1,"75":1,"76":1,"77":1,"78":1,"79":1,"80":1,"81":1,"82":1,"83":1,"84":1,"85":1,"86":4,"87":4,"88":4,"89":0,"90":1,"91":1,"92":6,"93":1,"94":2,"95":0,"96":2,"97":1,"98":1,"99":1,"100":0,"101":0,"102":0,"103":0,"104":0,"105":0,"106":0,"107":0,"108":0,"109":0,"110":0,"111":0,"112":0,"113":0,"114":0,"115":0},"b":{"1":[2,1,1,1],"2":[1,1,1,1],"3":[1,1],"4":[2,2],"5":[1,1],"6":[1,1],"7":[2,0],"8":[2,1,1,1,1,1],"9":[0,2,0],"10":[1,1],"11":[2,1,1],"12":[1,0],"13":[0,2],"14":[2,0,0,0,0,0,0],"15":[0,27],"16":[27,0],"17":[1,1],"18":[4,3],"19":[0,4],"20":[1,1],"21":[1,2,0,2,1],"22":[1,0],"23":[1,0],"24":[0,0],"25":[0,0],"26":[0,0],"27":[0,0],"28":[0,0],"29":[0,0]},"f":{"1":2,"2":2,"3":2,"4":2,"5":2,"6":2,"7":27,"8":27,"9":3,"10":1,"11":4,"12":6,"13":0},"fnMap":{"1":{"name":"(anonymous_1)","line":126,"loc":{"start":{"line":126,"column":1},"end":{"line":126,"column":13}}},"2":{"name":"(anonymous_2)","line":133,"loc":{"start":{"line":133,"column":5},"end":{"line":133,"column":17}}},"3":{"name":"(anonymous_3)","line":137,"loc":{"start":{"line":137,"column":24},"end":{"line":137,"column":36}}},"4":{"name":"(anonymous_4)","line":168,"loc":{"start":{"line":168,"column":31},"end":{"line":168,"column":48}},"skip":true},"5":{"name":"(anonymous_5)","line":177,"loc":{"start":{"line":177,"column":26},"end":{"line":177,"column":45}},"skip":true},"6":{"name":"(anonymous_6)","line":221,"loc":{"start":{"line":221,"column":33},"end":{"line":221,"column":48}},"skip":true},"7":{"name":"(anonymous_7)","line":223,"loc":{"start":{"line":223,"column":27},"end":{"line":223,"column":39}},"skip":true},"8":{"name":"(anonymous_8)","line":231,"loc":{"start":{"line":231,"column":59},"end":{"line":231,"column":74}},"skip":true},"9":{"name":"(anonymous_9)","line":241,"loc":{"start":{"line":241,"column":45},"end":{"line":241,"column":62}},"skip":true},"10":{"name":"(anonymous_10)","line":242,"loc":{"start":{"line":242,"column":73},"end":{"line":242,"column":92}},"skip":true},"11":{"name":"(anonymous_11)","line":513,"loc":{"start":{"line":513,"column":18},"end":{"line":513,"column":34}},"skip":true},"12":{"name":"(anonymous_12)","line":533,"loc":{"start":{"line":533,"column":47},"end":{"line":533,"column":73}},"skip":true},"13":{"name":"(anonymous_13)","line":567,"loc":{"start":{"line":567,"column":32},"end":{"line":567,"column":61}},"skip":true}},"statementMap":{"1":{"start":{"line":126,"column":0},"end":{"line":578,"column":5}},"2":{"start":{"line":128,"column":4},"end":{"line":128,"column":14}},"3":{"start":{"line":133,"column":4},"end":{"line":160,"column":9}},"4":{"start":{"line":135,"column":8},"end":{"line":135,"column":19}},"5":{"start":{"line":137,"column":8},"end":{"line":149,"column":13}},"6":{"start":{"line":138,"column":12},"end":{"line":148,"column":13}},"7":{"start":{"line":139,"column":16},"end":{"line":142,"column":30}},"8":{"start":{"line":144,"column":16},"end":{"line":147,"column":27}},"9":{"start":{"line":151,"column":8},"end":{"line":153,"column":21}},"10":{"start":{"line":155,"column":8},"end":{"line":157,"column":45}},"11":{"start":{"line":159,"column":8},"end":{"line":159,"column":35}},"12":{"start":{"line":161,"column":4},"end":{"line":577,"column":5}},"13":{"start":{"line":168,"column":8},"end":{"line":219,"column":10},"skip":true},"14":{"start":{"line":169,"column":12},"end":{"line":187,"column":13},"skip":true},"15":{"start":{"line":175,"column":16},"end":{"line":186,"column":19},"skip":true},"16":{"start":{"line":178,"column":20},"end":{"line":185,"column":21},"skip":true},"17":{"start":{"line":181,"column":24},"end":{"line":181,"column":43},"skip":true},"18":{"start":{"line":182,"column":24},"end":{"line":182,"column":30},"skip":true},"19":{"start":{"line":184,"column":24},"end":{"line":184,"column":49},"skip":true},"20":{"start":{"line":188,"column":12},"end":{"line":205,"column":13},"skip":true},"21":{"start":{"line":191,"column":16},"end":{"line":200,"column":17},"skip":true},"22":{"start":{"line":192,"column":20},"end":{"line":192,"column":88},"skip":true},"23":{"start":{"line":193,"column":20},"end":{"line":193,"column":97},"skip":true},"24":{"start":{"line":194,"column":20},"end":{"line":194,"column":42},"skip":true},"25":{"start":{"line":195,"column":20},"end":{"line":195,"column":48},"skip":true},"26":{"start":{"line":198,"column":20},"end":{"line":198,"column":86},"skip":true},"27":{"start":{"line":199,"column":20},"end":{"line":199,"column":96},"skip":true},"28":{"start":{"line":201,"column":16},"end":{"line":201,"column":22},"skip":true},"29":{"start":{"line":204,"column":16},"end":{"line":204,"column":22},"skip":true},"30":{"start":{"line":206,"column":12},"end":{"line":218,"column":13},"skip":true},"31":{"start":{"line":212,"column":16},"end":{"line":217,"column":17},"skip":true},"32":{"start":{"line":214,"column":20},"end":{"line":214,"column":78},"skip":true},"33":{"start":{"line":216,"column":20},"end":{"line":216,"column":47},"skip":true},"34":{"start":{"line":221,"column":8},"end":{"line":239,"column":11},"skip":true},"35":{"start":{"line":222,"column":12},"end":{"line":222,"column":54},"skip":true},"36":{"start":{"line":223,"column":12},"end":{"line":238,"column":14},"skip":true},"37":{"start":{"line":224,"column":16},"end":{"line":224,"column":28},"skip":true},"38":{"start":{"line":225,"column":16},"end":{"line":225,"column":69},"skip":true},"39":{"start":{"line":226,"column":16},"end":{"line":226,"column":75},"skip":true},"40":{"start":{"line":227,"column":16},"end":{"line":229,"column":17},"skip":true},"41":{"start":{"line":228,"column":20},"end":{"line":228,"column":27},"skip":true},"42":{"start":{"line":231,"column":16},"end":{"line":235,"column":36},"skip":true},"43":{"start":{"line":232,"column":20},"end":{"line":234,"column":55},"skip":true},"44":{"start":{"line":237,"column":16},"end":{"line":237,"column":57},"skip":true},"45":{"start":{"line":241,"column":8},"end":{"line":245,"column":11},"skip":true},"46":{"start":{"line":242,"column":12},"end":{"line":244,"column":15},"skip":true},"47":{"start":{"line":243,"column":16},"end":{"line":243,"column":70},"skip":true},"48":{"start":{"line":247,"column":8},"end":{"line":247,"column":31},"skip":true},"49":{"start":{"line":248,"column":8},"end":{"line":248,"column":14},"skip":true},"50":{"start":{"line":256,"column":8},"end":{"line":256,"column":31},"skip":true},"51":{"start":{"line":259,"column":8},"end":{"line":259,"column":41},"skip":true},"52":{"start":{"line":260,"column":8},"end":{"line":260,"column":55},"skip":true},"53":{"start":{"line":261,"column":8},"end":{"line":261,"column":43},"skip":true},"54":{"start":{"line":262,"column":8},"end":{"line":262,"column":43},"skip":true},"55":{"start":{"line":263,"column":8},"end":{"line":263,"column":47},"skip":true},"56":{"start":{"line":264,"column":8},"end":{"line":264,"column":41},"skip":true},"57":{"start":{"line":265,"column":8},"end":{"line":265,"column":39},"skip":true},"58":{"start":{"line":266,"column":8},"end":{"line":266,"column":35},"skip":true},"59":{"start":{"line":267,"column":8},"end":{"line":267,"column":41},"skip":true},"60":{"start":{"line":268,"column":8},"end":{"line":268,"column":41},"skip":true},"61":{"start":{"line":269,"column":8},"end":{"line":269,"column":33},"skip":true},"62":{"start":{"line":270,"column":8},"end":{"line":270,"column":37},"skip":true},"63":{"start":{"line":271,"column":8},"end":{"line":271,"column":39},"skip":true},"64":{"start":{"line":272,"column":8},"end":{"line":272,"column":41},"skip":true},"65":{"start":{"line":273,"column":8},"end":{"line":273,"column":35},"skip":true},"66":{"start":{"line":274,"column":8},"end":{"line":274,"column":33},"skip":true},"67":{"start":{"line":275,"column":8},"end":{"line":275,"column":37},"skip":true},"68":{"start":{"line":276,"column":8},"end":{"line":276,"column":43},"skip":true},"69":{"start":{"line":277,"column":8},"end":{"line":277,"column":45},"skip":true},"70":{"start":{"line":278,"column":8},"end":{"line":278,"column":51},"skip":true},"71":{"start":{"line":279,"column":8},"end":{"line":279,"column":45},"skip":true},"72":{"start":{"line":280,"column":8},"end":{"line":280,"column":37},"skip":true},"73":{"start":{"line":281,"column":8},"end":{"line":281,"column":41},"skip":true},"74":{"start":{"line":282,"column":8},"end":{"line":282,"column":57},"skip":true},"75":{"start":{"line":283,"column":8},"end":{"line":283,"column":41},"skip":true},"76":{"start":{"line":284,"column":8},"end":{"line":284,"column":35},"skip":true},"77":{"start":{"line":285,"column":8},"end":{"line":285,"column":35},"skip":true},"78":{"start":{"line":286,"column":8},"end":{"line":286,"column":35},"skip":true},"79":{"start":{"line":287,"column":8},"end":{"line":287,"column":37},"skip":true},"80":{"start":{"line":288,"column":8},"end":{"line":288,"column":33},"skip":true},"81":{"start":{"line":289,"column":8},"end":{"line":289,"column":33},"skip":true},"82":{"start":{"line":290,"column":8},"end":{"line":290,"column":37},"skip":true},"83":{"start":{"line":293,"column":8},"end":{"line":293,"column":50},"skip":true},"84":{"start":{"line":295,"column":8},"end":{"line":506,"column":2},"skip":true},"85":{"start":{"line":508,"column":8},"end":{"line":522,"column":11},"skip":true},"86":{"start":{"line":514,"column":12},"end":{"line":514,"column":30},"skip":true},"87":{"start":{"line":515,"column":12},"end":{"line":515,"column":66},"skip":true},"88":{"start":{"line":516,"column":12},"end":{"line":521,"column":13},"skip":true},"89":{"start":{"line":517,"column":16},"end":{"line":520,"column":18},"skip":true},"90":{"start":{"line":526,"column":8},"end":{"line":528,"column":33},"skip":true},"91":{"start":{"line":530,"column":8},"end":{"line":546,"column":15},"skip":true},"92":{"start":{"line":534,"column":16},"end":{"line":545,"column":17},"skip":true},"93":{"start":{"line":536,"column":20},"end":{"line":536,"column":60},"skip":true},"94":{"start":{"line":538,"column":20},"end":{"line":538,"column":38},"skip":true},"95":{"start":{"line":540,"column":20},"end":{"line":540,"column":38},"skip":true},"96":{"start":{"line":542,"column":20},"end":{"line":542,"column":35},"skip":true},"97":{"start":{"line":544,"column":20},"end":{"line":544,"column":34},"skip":true},"98":{"start":{"line":548,"column":8},"end":{"line":550,"column":9},"skip":true},"99":{"start":{"line":549,"column":12},"end":{"line":549,"column":18},"skip":true},"100":{"start":{"line":551,"column":8},"end":{"line":553,"column":54},"skip":true},"101":{"start":{"line":555,"column":8},"end":{"line":555,"column":82},"skip":true},"102":{"start":{"line":558,"column":8},"end":{"line":560,"column":9},"skip":true},"103":{"start":{"line":559,"column":12},"end":{"line":559,"column":82},"skip":true},"104":{"start":{"line":562,"column":8},"end":{"line":564,"column":9},"skip":true},"105":{"start":{"line":563,"column":12},"end":{"line":563,"column":18},"skip":true},"106":{"start":{"line":565,"column":8},"end":{"line":565,"column":54},"skip":true},"107":{"start":{"line":566,"column":8},"end":{"line":566,"column":69},"skip":true},"108":{"start":{"line":567,"column":8},"end":{"line":575,"column":36},"skip":true},"109":{"start":{"line":568,"column":12},"end":{"line":568,"column":61},"skip":true},"110":{"start":{"line":569,"column":12},"end":{"line":572,"column":13},"skip":true},"111":{"start":{"line":570,"column":16},"end":{"line":570,"column":75},"skip":true},"112":{"start":{"line":571,"column":16},"end":{"line":571,"column":23},"skip":true},"113":{"start":{"line":573,"column":12},"end":{"line":573,"column":38},"skip":true},"114":{"start":{"line":574,"column":12},"end":{"line":574,"column":27},"skip":true},"115":{"start":{"line":576,"column":8},"end":{"line":576,"column":14},"skip":true}},"branchMap":{"1":{"line":139,"type":"binary-expr","locations":[{"start":{"line":139,"column":23},"end":{"line":139,"column":62}},{"start":{"line":140,"column":20},"end":{"line":140,"column":70}},{"start":{"line":141,"column":20},"end":{"line":141,"column":71}},{"start":{"line":142,"column":20},"end":{"line":142,"column":29}}]},"2":{"line":144,"type":"binary-expr","locations":[{"start":{"line":144,"column":23},"end":{"line":144,"column":37}},{"start":{"line":145,"column":20},"end":{"line":145,"column":61}},{"start":{"line":146,"column":20},"end":{"line":146,"column":70}},{"start":{"line":147,"column":20},"end":{"line":147,"column":26}}]},"3":{"line":151,"type":"cond-expr","locations":[{"start":{"line":152,"column":14},"end":{"line":152,"column":20}},{"start":{"line":153,"column":14},"end":{"line":153,"column":20}}]},"4":{"line":155,"type":"binary-expr","locations":[{"start":{"line":155,"column":16},"end":{"line":155,"column":44}},{"start":{"line":155,"column":49},"end":{"line":157,"column":43}}]},"5":{"line":155,"type":"cond-expr","locations":[{"start":{"line":156,"column":14},"end":{"line":156,"column":44}},{"start":{"line":157,"column":14},"end":{"line":157,"column":43}}]},"6":{"line":161,"type":"switch","locations":[{"start":{"line":167,"column":4},"end":{"line":248,"column":14},"skip":true},{"start":{"line":254,"column":4},"end":{"line":576,"column":14},"skip":true}]},"7":{"line":169,"type":"if","locations":[{"start":{"line":169,"column":12},"end":{"line":169,"column":12},"skip":true},{"start":{"line":169,"column":12},"end":{"line":169,"column":12},"skip":true}]},"8":{"line":169,"type":"binary-expr","locations":[{"start":{"line":169,"column":16},"end":{"line":169,"column":22},"skip":true},{"start":{"line":169,"column":27},"end":{"line":169,"column":32},"skip":true},{"start":{"line":170,"column":20},"end":{"line":170,"column":39},"skip":true},{"start":{"line":171,"column":20},"end":{"line":171,"column":49},"skip":true},{"start":{"line":172,"column":20},"end":{"line":172,"column":58},"skip":true},{"start":{"line":173,"column":20},"end":{"line":173,"column":69},"skip":true}]},"9":{"line":178,"type":"switch","locations":[{"start":{"line":179,"column":20},"end":{"line":179,"column":33},"skip":true},{"start":{"line":180,"column":20},"end":{"line":182,"column":30},"skip":true},{"start":{"line":183,"column":20},"end":{"line":184,"column":49},"skip":true}]},"10":{"line":188,"type":"switch","locations":[{"start":{"line":189,"column":12},"end":{"line":201,"column":22},"skip":true},{"start":{"line":203,"column":12},"end":{"line":204,"column":22},"skip":true}]},"11":{"line":188,"type":"binary-expr","locations":[{"start":{"line":188,"column":20},"end":{"line":188,"column":25},"skip":true},{"start":{"line":188,"column":29},"end":{"line":188,"column":48},"skip":true},{"start":{"line":188,"column":52},"end":{"line":188,"column":74},"skip":true}]},"12":{"line":191,"type":"if","locations":[{"start":{"line":191,"column":16},"end":{"line":191,"column":16},"skip":true},{"start":{"line":191,"column":16},"end":{"line":191,"column":16},"skip":true}]},"13":{"line":206,"type":"if","locations":[{"start":{"line":206,"column":12},"end":{"line":206,"column":12},"skip":true},{"start":{"line":206,"column":12},"end":{"line":206,"column":12},"skip":true}]},"14":{"line":206,"type":"binary-expr","locations":[{"start":{"line":206,"column":16},"end":{"line":206,"column":61},"skip":true},{"start":{"line":206,"column":66},"end":{"line":206,"column":72},"skip":true},{"start":{"line":206,"column":77},"end":{"line":206,"column":82},"skip":true},{"start":{"line":207,"column":20},"end":{"line":207,"column":39},"skip":true},{"start":{"line":208,"column":20},"end":{"line":208,"column":49},"skip":true},{"start":{"line":209,"column":20},"end":{"line":209,"column":58},"skip":true},{"start":{"line":210,"column":20},"end":{"line":210,"column":68},"skip":true}]},"15":{"line":227,"type":"if","locations":[{"start":{"line":227,"column":16},"end":{"line":227,"column":16},"skip":true},{"start":{"line":227,"column":16},"end":{"line":227,"column":16},"skip":true}]},"16":{"line":232,"type":"cond-expr","locations":[{"start":{"line":233,"column":26},"end":{"line":233,"column":29},"skip":true},{"start":{"line":234,"column":26},"end":{"line":234,"column":54},"skip":true}]},"17":{"line":293,"type":"binary-expr","locations":[{"start":{"line":293,"column":27},"end":{"line":293,"column":43},"skip":true},{"start":{"line":293,"column":47},"end":{"line":293,"column":49},"skip":true}]},"18":{"line":515,"type":"binary-expr","locations":[{"start":{"line":515,"column":37},"end":{"line":515,"column":59},"skip":true},{"start":{"line":515,"column":63},"end":{"line":515,"column":65},"skip":true}]},"19":{"line":516,"type":"if","locations":[{"start":{"line":516,"column":12},"end":{"line":516,"column":12},"skip":true},{"start":{"line":516,"column":12},"end":{"line":516,"column":12},"skip":true}]},"20":{"line":526,"type":"binary-expr","locations":[{"start":{"line":526,"column":50},"end":{"line":526,"column":89},"skip":true},{"start":{"line":527,"column":12},"end":{"line":528,"column":32},"skip":true}]},"21":{"line":534,"type":"switch","locations":[{"start":{"line":535,"column":16},"end":{"line":536,"column":60},"skip":true},{"start":{"line":537,"column":16},"end":{"line":538,"column":38},"skip":true},{"start":{"line":539,"column":16},"end":{"line":540,"column":38},"skip":true},{"start":{"line":541,"column":16},"end":{"line":542,"column":35},"skip":true},{"start":{"line":543,"column":16},"end":{"line":544,"column":34},"skip":true}]},"22":{"line":548,"type":"if","locations":[{"start":{"line":548,"column":8},"end":{"line":548,"column":8},"skip":true},{"start":{"line":548,"column":8},"end":{"line":548,"column":8},"skip":true}]},"23":{"line":548,"type":"binary-expr","locations":[{"start":{"line":548,"column":12},"end":{"line":548,"column":35},"skip":true},{"start":{"line":548,"column":39},"end":{"line":548,"column":67},"skip":true}]},"24":{"line":552,"type":"binary-expr","locations":[{"start":{"line":552,"column":12},"end":{"line":552,"column":50},"skip":true},{"start":{"line":553,"column":12},"end":{"line":553,"column":53},"skip":true}]},"25":{"line":555,"type":"binary-expr","locations":[{"start":{"line":555,"column":43},"end":{"line":555,"column":75},"skip":true},{"start":{"line":555,"column":79},"end":{"line":555,"column":81},"skip":true}]},"26":{"line":558,"type":"if","locations":[{"start":{"line":558,"column":8},"end":{"line":558,"column":8},"skip":true},{"start":{"line":558,"column":8},"end":{"line":558,"column":8},"skip":true}]},"27":{"line":562,"type":"if","locations":[{"start":{"line":562,"column":8},"end":{"line":562,"column":8},"skip":true},{"start":{"line":562,"column":8},"end":{"line":562,"column":8},"skip":true}]},"28":{"line":565,"type":"binary-expr","locations":[{"start":{"line":565,"column":27},"end":{"line":565,"column":43},"skip":true},{"start":{"line":565,"column":47},"end":{"line":565,"column":53},"skip":true}]},"29":{"line":569,"type":"if","locations":[{"start":{"line":569,"column":12},"end":{"line":569,"column":12},"skip":true},{"start":{"line":569,"column":12},"end":{"line":569,"column":12},"skip":true}]}},"code":["","","","","","","","","","","","","","","","","","","","","","","","","","","","","","","","","","","","","","","","","","","","","","","","","","","","","","","","","","","","","","","","","","","","","","","","","","","","","","","","","","","","","","","","","","","","","","","","","","","/*","example.js","","this script will run a web-demo of sandbox2","","instruction","    1. save this script as example.js","    2. run the shell command:","        $ npm install sandbox2 && PORT=8081 node example.js","    3. open a browser to http://127.0.0.1:8081 and play with the web-demo","    4. edit this script to suit your needs","*/","","","","/* istanbul instrument in package sandbox2 */","/* jslint-utility2 */","/*jslint","    bitwise: true,","    browser: true,","    maxerr: 4,","    maxlen: 100,","    node: true,","    nomen: true,","    regexp: true,","    stupid: true","*/","(function () {","    'use strict';","    var local;","","","","    // run shared js-env code - init-before","    (function () {","        // init local","        local = {};","        // init modeJs","        local.modeJs = (function () {","            try {","                return typeof navigator.userAgent === 'string' &&","                    typeof document.querySelector('body') === 'object' &&","                    typeof XMLHttpRequest.prototype.open === 'function' &&","                    'browser';","            } catch (errorCaughtBrowser) {","                return module.exports &&","                    typeof process.versions.node === 'string' &&","                    typeof require('http').createServer === 'function' &&","                    'node';","            }","        }());","        // init global","        local.global = local.modeJs === 'browser'","            ? window","            : global;","        // init utility2_rollup","        local = local.global.utility2_rollup || (local.modeJs === 'browser'","            ? local.global.utility2_sandbox2","            : global.utility2_moduleExports);","        // init exports","        local.global.local = local;","    }());","    switch (local.modeJs) {","","","","    // run browser js-env code - init-test","    /* istanbul ignore next */","    case 'browser':","        local.testRunBrowser = function (event) {","            if (!event || (event &&","                    event.currentTarget &&","                    event.currentTarget.className &&","                    event.currentTarget.className.includes &&","                    event.currentTarget.className.includes('onreset'))) {","                // reset output","                Array.from(","                    document.querySelectorAll('body > .resettable')","                ).forEach(function (element) {","                    switch (element.tagName) {","                    case 'INPUT':","                    case 'TEXTAREA':","                        element.value = '';","                        break;","                    default:","                        element.textContent = '';","                    }","                });","            }","            switch (event && event.currentTarget && event.currentTarget.id) {","            case 'testRunButton1':","                // show tests","                if (document.querySelector('#testReportDiv1').style.maxHeight === '0px') {","                    local.uiAnimateSlideDown(document.querySelector('#testReportDiv1'));","                    document.querySelector('#testRunButton1').textContent = 'hide internal test';","                    local.modeTest = true;","                    local.testRunDefault(local);","                // hide tests","                } else {","                    local.uiAnimateSlideUp(document.querySelector('#testReportDiv1'));","                    document.querySelector('#testRunButton1').textContent = 'run internal test';","                }","                break;","            // custom-case","            default:","                break;","            }","            if (document.querySelector('#inputTextareaEval1') && (!event || (event &&","                    event.currentTarget &&","                    event.currentTarget.className &&","                    event.currentTarget.className.includes &&","                    event.currentTarget.className.includes('oneval')))) {","                // try to eval input-code","                try {","                    /*jslint evil: true*/","                    eval(document.querySelector('#inputTextareaEval1').value);","                } catch (errorCaught) {","                    console.error(errorCaught);","                }","            }","        };","        // log stderr and stdout to #outputTextareaStdout1","        ['error', 'log'].forEach(function (key) {","            console[key + '_original'] = console[key];","            console[key] = function () {","                var element;","                console[key + '_original'].apply(console, arguments);","                element = document.querySelector('#outputTextareaStdout1');","                if (!element) {","                    return;","                }","                // append text to #outputTextareaStdout1","                element.value += Array.from(arguments).map(function (arg) {","                    return typeof arg === 'string'","                        ? arg","                        : JSON.stringify(arg, null, 4);","                }).join(' ') + '\\n';","                // scroll textarea to bottom","                element.scrollTop = element.scrollHeight;","            };","        });","        // init event-handling","        ['change', 'click', 'keyup'].forEach(function (event) {","            Array.from(document.querySelectorAll('.on' + event)).forEach(function (element) {","                element.addEventListener(event, local.testRunBrowser);","            });","        });","        // run tests","        local.testRunBrowser();","        break;","","","","    // run node js-env code - init-test","    /* istanbul ignore next */","    case 'node':","        // init exports","        module.exports = local;","        // require builtins","        // local.assert = require('assert');","        local.buffer = require('buffer');","        local.child_process = require('child_process');","        local.cluster = require('cluster');","        local.console = require('console');","        local.constants = require('constants');","        local.crypto = require('crypto');","        local.dgram = require('dgram');","        local.dns = require('dns');","        local.domain = require('domain');","        local.events = require('events');","        local.fs = require('fs');","        local.http = require('http');","        local.https = require('https');","        local.module = require('module');","        local.net = require('net');","        local.os = require('os');","        local.path = require('path');","        local.process = require('process');","        local.punycode = require('punycode');","        local.querystring = require('querystring');","        local.readline = require('readline');","        local.repl = require('repl');","        local.stream = require('stream');","        local.string_decoder = require('string_decoder');","        local.timers = require('timers');","        local.tls = require('tls');","        local.tty = require('tty');","        local.url = require('url');","        local.util = require('util');","        local.v8 = require('v8');","        local.vm = require('vm');","        local.zlib = require('zlib');","/* validateLineSortedReset */","        // init assets","        local.assetsDict = local.assetsDict || {};","        /* jslint-ignore-begin */","        local.assetsDict['/assets.index.template.html'] = '\\","<!doctype html>\\n\\","<html lang=\"en\">\\n\\","<head>\\n\\","<meta charset=\"UTF-8\">\\n\\","<meta name=\"viewport\" content=\"width=device-width, initial-scale=1\">\\n\\","<!-- \"assets.index.default.template.html\" -->\\n\\","<title>{{env.npm_package_name}} (v{{env.npm_package_version}})</title>\\n\\","<style>\\n\\","/* jslint-utility2 */\\n\\","/*csslint\\n\\","*/\\n\\","/* jslint-ignore-begin */\\n\\","*,\\n\\","*:after,\\n\\","*:before {\\n\\","    box-sizing: border-box;\\n\\","}\\n\\","/* jslint-ignore-end */\\n\\","@keyframes uiAnimateShake {\\n\\","    0%, 50% {\\n\\","        transform: translateX(10px);\\n\\","    }\\n\\","    25%, 75% {\\n\\","        transform: translateX(-10px);\\n\\","    }\\n\\","    100% {\\n\\","        transform: translateX(0);\\n\\","    }\\n\\","}\\n\\","@keyframes uiAnimateSpin {\\n\\","    0% {\\n\\","        transform: rotate(0deg);\\n\\","    }\\n\\","    100% {\\n\\","        transform: rotate(360deg);\\n\\","    }\\n\\","}\\n\\","a {\\n\\","    overflow-wrap: break-word;\\n\\","}\\n\\","body > div,\\n\\","body > pre,\\n\\","body > textarea,\\n\\","body > .button {\\n\\","    margin-bottom: 20px;\\n\\","}\\n\\","body > textarea {\\n\\","    height: 10rem;\\n\\","    width: 100%;\\n\\","}\\n\\","body > textarea[readonly] {\\n\\","    background: #ddd;\\n\\","}\\n\\","body > .button {\\n\\","    width: 20rem;\\n\\","}\\n\\","code,\\n\\","pre,\\n\\","textarea {\\n\\","    font-family: Consolas, Menlo, monospace;\\n\\","    font-size: small;\\n\\","}\\n\\","pre {\\n\\","    overflow-wrap: break-word;\\n\\","    white-space: pre-wrap;\\n\\","}\\n\\","textarea {\\n\\","    overflow: auto;\\n\\","    white-space: pre;\\n\\","}\\n\\",".button {\\n\\","    background-color: #fff;\\n\\","    border: 1px solid;\\n\\","    border-bottom-color: rgb(186, 186, 186);\\n\\","    border-left-color: rgb(209, 209, 209);\\n\\","    border-radius: 4px;\\n\\","    border-right-color: rgb(209, 209, 209);\\n\\","    border-top-color: rgb(216, 216, 216);\\n\\","    color: #00d;\\n\\","    cursor: pointer;\\n\\","    display: inline-block;\\n\\","    font-family: Arial, Helvetica, sans-serif;\\n\\","    font-size: 12px;\\n\\","    font-style: normal;\\n\\","    font-weight: normal;\\n\\","    margin: 0;\\n\\","    padding: 2px 7px 3px 7px;\\n\\","    text-align: center;\\n\\","    text-decoration: underline;\\n\\","}\\n\\",".colorError {\\n\\","    color: #d00;\\n\\","}\\n\\",".uiAnimateShake {\\n\\","    animation-duration: 500ms;\\n\\","    animation-name: uiAnimateShake;\\n\\","}\\n\\",".uiAnimateSlide {\\n\\","    overflow-y: hidden;\\n\\","    transition: max-height ease-in 250ms, min-height ease-in 250ms, padding-bottom ease-in 250ms, padding-top ease-in 250ms;\\n\\","}\\n\\",".utility2FooterDiv {\\n\\","    text-align: center;\\n\\","}\\n\\",".zeroPixel {\\n\\","    border: 0;\\n\\","    height: 0;\\n\\","    margin: 0;\\n\\","    padding: 0;\\n\\","    width: 0;\\n\\","}\\n\\","</style>\\n\\","</head>\\n\\","<body style=\"background: #eef; font-family: Arial, Helvetica, sans-serif; margin: 0 40px;\">\\n\\","<div id=\"ajaxProgressDiv1\" style=\"background: #d00; height: 2px; left: 0; margin: 0; padding: 0; position: fixed; top: 0; transition: background 500ms, width 1500ms; width: 0%; z-index: 1;\"></div>\\n\\","<div class=\"uiAnimateSpin\" style=\"animation: uiAnimateSpin 2s linear infinite; border: 5px solid #999; border-radius: 50%; border-top: 5px solid #7d7; display: none; height: 25px; vertical-align: middle; width: 25px;\"></div>\\n\\","<code style=\"display: none;\"></code><div class=\"button uiAnimateShake uiAnimateSlide utility2FooterDiv zeroPixel\" style=\"display: none;\"></div><pre style=\"display: none;\"></pre><textarea readonly style=\"display: none;\"></textarea>\\n\\","<script>\\n\\","/* jslint-utility2 */\\n\\","/*jslint\\n\\","    bitwise: true,\\n\\","    browser: true,\\n\\","    maxerr: 4,\\n\\","    maxlen: 100,\\n\\","    node: true,\\n\\","    nomen: true,\\n\\","    regexp: true,\\n\\","    stupid: true\\n\\","*/\\n\\","(function () {\\n\\","    \"use strict\";\\n\\","    var ajaxProgressDiv1,\\n\\","        ajaxProgressState,\\n\\","        ajaxProgressUpdate,\\n\\","        timerIntervalAjaxProgressUpdate;\\n\\","    ajaxProgressDiv1 = document.querySelector(\"#ajaxProgressDiv1\");\\n\\","    setTimeout(function () {\\n\\","        ajaxProgressDiv1.style.width = \"25%\";\\n\\","    });\\n\\","    ajaxProgressState = 0;\\n\\","    ajaxProgressUpdate = (window.local &&\\n\\","        window.local.ajaxProgressUpdate) || function () {\\n\\","        ajaxProgressDiv1.style.width = \"100%\";\\n\\","        setTimeout(function () {\\n\\","            ajaxProgressDiv1.style.background = \"transparent\";\\n\\","            setTimeout(function () {\\n\\","                ajaxProgressDiv1.style.width = \"0%\";\\n\\","            }, 500);\\n\\","        }, 1500);\\n\\","    };\\n\\","    timerIntervalAjaxProgressUpdate = setInterval(function () {\\n\\","        ajaxProgressState += 1;\\n\\","        ajaxProgressDiv1.style.width = Math.max(\\n\\","            100 - 75 * Math.exp(-0.125 * ajaxProgressState),\\n\\","            Number(ajaxProgressDiv1.style.width.slice(0, -1)) || 0\\n\\","        ) + \"%\";\\n\\","    }, 1000);\\n\\","    window.addEventListener(\"load\", function () {\\n\\","        clearInterval(timerIntervalAjaxProgressUpdate);\\n\\","        ajaxProgressUpdate();\\n\\","    });\\n\\","}());\\n\\","</script>\\n\\","<h1>\\n\\","<!-- utility2-comment\\n\\","    <a\\n\\","        {{#if env.npm_package_homepage}}\\n\\","        href=\"{{env.npm_package_homepage}}\"\\n\\","        {{/if env.npm_package_homepage}}\\n\\","        target=\"_blank\"\\n\\","    >\\n\\","utility2-comment -->\\n\\","        {{env.npm_package_name}} (v{{env.npm_package_version}})\\n\\","<!-- utility2-comment\\n\\","    </a>\\n\\","utility2-comment -->\\n\\","</h1>\\n\\","<h3>{{env.npm_package_description}}</h3>\\n\\","<!-- utility2-comment\\n\\","<a class=\"button\" download href=\"assets.app.js\">download standalone app</a><br>\\n\\","<button class=\"button onclick onreset\" id=\"testRunButton1\">run internal test</button><br>\\n\\","<div class=\"uiAnimateSlide\" id=\"testReportDiv1\" style=\"border-bottom: 0; border-top: 0; margin-bottom: 0; margin-top: 0; max-height: 0; padding-bottom: 0; padding-top: 0;\"></div>\\n\\","utility2-comment -->\\n\\","\\n\\","\\n\\","\\n\\","<label>stderr and stdout</label>\\n\\","<textarea class=\"resettable\" id=\"outputTextareaStdout1\" readonly></textarea>\\n\\","<!-- utility2-comment\\n\\","{{#if isRollup}}\\n\\","<script src=\"assets.app.js\"></script>\\n\\","{{#unless isRollup}}\\n\\","utility2-comment -->\\n\\","<script src=\"assets.utility2.rollup.js\"></script>\\n\\","<script>window.utility2.onResetBefore.counter += 1;</script>\\n\\","<script src=\"jsonp.utility2.stateInit?callback=window.utility2.stateInit\"></script>\\n\\","<script src=\"assets.sandbox2.js\"></script>\\n\\","<script src=\"assets.example.js\"></script>\\n\\","<script src=\"assets.test.js\"></script>\\n\\","<script>window.utility2.onResetBefore();</script>\\n\\","<!-- utility2-comment\\n\\","{{/if isRollup}}\\n\\","utility2-comment -->\\n\\","<div class=\"utility2FooterDiv\">\\n\\","    [ this app was created with\\n\\","    <a href=\"https://github.com/kaizhu256/node-utility2\" target=\"_blank\">utility2</a>\\n\\","    ]\\n\\","</div>\\n\\","</body>\\n\\","</html>\\n\\","';","        /* jslint-ignore-end */","        [","            'assets.index.css',","            'assets.index.template.html',","            'assets.swgg.swagger.json',","            'assets.swgg.swagger.server.json'","        ].forEach(function (file) {","            file = '/' + file;","            local.assetsDict[file] = local.assetsDict[file] || '';","            if (local.fs.existsSync(local.__dirname + file)) {","                local.assetsDict[file] = local.fs.readFileSync(","                    local.__dirname + file,","                    'utf8'","                );","            }","        });","/* validateLineSortedReset */","        // bug-workaround - long $npm_package_buildCustomOrg","        /* jslint-ignore-begin */","        local.assetsDict['/assets.sandbox2.js'] = local.assetsDict['/assets.sandbox2.js'] ||","            local.fs.readFileSync(local.__dirname + '/lib.sandbox2.js', 'utf8'","        ).replace((/^#!/), '//');","/* validateLineSortedReset */","        local.assetsDict['/'] =","            local.assetsDict['/assets.example.html'] =","            local.assetsDict['/assets.index.template.html']","            .replace((/\\{\\{env\\.(\\w+?)\\}\\}/g), function (match0, match1) {","                switch (match1) {","                case 'npm_package_description':","                    return 'the greatest app in the world!';","                case 'npm_package_name':","                    return 'sandbox2';","                case 'npm_package_nameLib':","                    return 'sandbox2';","                case 'npm_package_version':","                    return '0.0.1';","                default:","                    return match0;","                }","            });","        // init cli","        if (module !== require.main || local.global.utility2_rollup) {","            break;","        }","        local.assetsDict['/assets.example.js'] =","            local.assetsDict['/assets.example.js'] ||","            local.fs.readFileSync(__filename, 'utf8');","        /* jslint-ignore-end */","        local.assetsDict['/favicon.ico'] = local.assetsDict['/favicon.ico'] || '';","        // if $npm_config_timeout_exit exists,","        // then exit this process after $npm_config_timeout_exit ms","        if (Number(process.env.npm_config_timeout_exit)) {","            setTimeout(process.exit, Number(process.env.npm_config_timeout_exit));","        }","        // start server","        if (local.global.utility2_serverHttp1) {","            break;","        }","        process.env.PORT = process.env.PORT || '8081';","        console.error('server starting on port ' + process.env.PORT);","        local.http.createServer(function (request, response) {","            request.urlParsed = local.url.parse(request.url);","            if (local.assetsDict[request.urlParsed.pathname] !== undefined) {","                response.end(local.assetsDict[request.urlParsed.pathname]);","                return;","            }","            response.statusCode = 404;","            response.end();","        }).listen(process.env.PORT);","        break;","    }","}());"],"l":{"126":2,"128":2,"133":2,"135":2,"137":2,"138":2,"139":2,"144":1,"151":2,"155":2,"159":2,"161":2,"168":1,"169":2,"175":2,"178":2,"181":2,"182":2,"184":1,"188":2,"191":1,"192":1,"193":1,"194":1,"195":1,"198":1,"199":1,"201":1,"204":1,"206":2,"212":1,"214":1,"216":1,"221":1,"222":2,"223":2,"224":27,"225":27,"226":27,"227":27,"228":1,"231":27,"232":27,"237":27,"241":1,"242":3,"243":1,"247":1,"248":1,"256":1,"259":1,"260":1,"261":1,"262":1,"263":1,"264":1,"265":1,"266":1,"267":1,"268":1,"269":1,"270":1,"271":1,"272":1,"273":1,"274":1,"275":1,"276":1,"277":1,"278":1,"279":1,"280":1,"281":1,"282":1,"283":1,"284":1,"285":1,"286":1,"287":1,"288":1,"289":1,"290":1,"293":1,"295":1,"508":1,"514":4,"515":4,"516":4,"517":1,"526":1,"530":1,"534":6,"536":1,"538":2,"540":1,"542":2,"544":1,"548":1,"549":1,"551":1,"555":1,"558":1,"559":1,"562":1,"563":1,"565":1,"566":1,"567":1,"568":1,"569":1,"570":1,"571":1,"573":1,"574":1,"576":1}}}